<?xml version="1.0" encoding="UTF-8"?>
<!-- Generated by org.testng.reporters.JUnitReportReporter -->
<testsuite hostname="SYNBLRLT1126X8C" failures="0" tests="1" name="Testclasses.Main_Test" time="2.335" errors="0" timestamp="2025-10-24T11:46:48 IST" skipped="0">
  <testcase classname="Testclasses.Main_Test" name="e_commerce" time="2.335"/>
</testsuite> <!-- Testclasses.Main_Test -->
